29/06/2022 18:40:33	5	Error	Object reference not set to an instance of an object.
   at CakeCompanyPortal.Controllers.InvoiceController.Index() in C:\Users\611713573\OneDrive - BT Plc\Documents\Documentation\General VISA\CakeCompanyPortal\CakeCompanyPortal\Controllers\InvoiceController.cs:line 25	BTP275277	/LM/W3SVC/2/ROOT-1-133010016133725347	23616	C:\Program Files (x86)\IIS Express\iisexpress.exe	23988	
30/06/2022 06:33:19	5	Error	The underlying provider failed on Open.
   at System.Data.Entity.Core.EntityClient.EntityConnection.Open()
   at System.Data.Entity.Core.Objects.ObjectContext.EnsureConnection(Boolean shouldMonitorTransactions)
   at System.Data.Entity.Core.Objects.ObjectContext.ExecuteInTransaction[T](Func`1 func, IDbExecutionStrategy executionStrategy, Boolean startLocalTransaction, Boolean releaseConnectionOnSuccess)
   at System.Data.Entity.Core.Objects.ObjectQuery`1.<>c__DisplayClass7.<GetResults>b__5()
   at System.Data.Entity.SqlServer.DefaultSqlExecutionStrategy.Execute[TResult](Func`1 operation)
   at System.Data.Entity.Core.Objects.ObjectQuery`1.GetResults(Nullable`1 forMergeOption)
   at System.Data.Entity.Core.Objects.ObjectQuery`1.<System.Collections.Generic.IEnumerable<T>.GetEnumerator>b__0()
   at System.Data.Entity.Internal.LazyEnumerator`1.MoveNext()
   at System.Linq.Enumerable.Single[TSource](IEnumerable`1 source)
   at System.Data.Entity.Core.Objects.ELinq.ObjectQueryProvider.<GetElementFunction>b__3[TResult](IEnumerable`1 sequence)
   at System.Data.Entity.Core.Objects.ELinq.ObjectQueryProvider.ExecuteSingle[TResult](IEnumerable`1 query, Expression queryRoot)
   at System.Data.Entity.Core.Objects.ELinq.ObjectQueryProvider.System.Linq.IQueryProvider.Execute[TResult](Expression expression)
   at System.Data.Entity.Internal.Linq.DbQueryProvider.Execute[TResult](Expression expression)
   at System.Linq.Queryable.Any[TSource](IQueryable`1 source)
   at CakeCompanyPortal.DataAccess.GenericRepository`1.DeleteAll() in B:\Udai\CakeCompanyPortal\CakeCompanyPortal\DataAccess\GenericRepository.cs:line 98	BWD02847016	/LM/W3SVC/2/ROOT-1-133010443686318044	12312	C:\Program Files (x86)\IIS Express\iisexpress.exe	1844	
30/06/2022 06:33:19	5	Error	The underlying provider failed on Open.
   at System.Data.Entity.Core.EntityClient.EntityConnection.Open()
   at System.Data.Entity.Core.Objects.ObjectContext.EnsureConnection(Boolean shouldMonitorTransactions)
   at System.Data.Entity.Core.Objects.ObjectContext.ExecuteInTransaction[T](Func`1 func, IDbExecutionStrategy executionStrategy, Boolean startLocalTransaction, Boolean releaseConnectionOnSuccess)
   at System.Data.Entity.Core.Objects.ObjectQuery`1.<>c__DisplayClass7.<GetResults>b__5()
   at System.Data.Entity.SqlServer.DefaultSqlExecutionStrategy.Execute[TResult](Func`1 operation)
   at System.Data.Entity.Core.Objects.ObjectQuery`1.GetResults(Nullable`1 forMergeOption)
   at System.Data.Entity.Core.Objects.ObjectQuery`1.<System.Collections.Generic.IEnumerable<T>.GetEnumerator>b__0()
   at System.Data.Entity.Internal.LazyEnumerator`1.MoveNext()
   at System.Linq.Enumerable.Single[TSource](IEnumerable`1 source)
   at System.Data.Entity.Core.Objects.ELinq.ObjectQueryProvider.<GetElementFunction>b__3[TResult](IEnumerable`1 sequence)
   at System.Data.Entity.Core.Objects.ELinq.ObjectQueryProvider.ExecuteSingle[TResult](IEnumerable`1 query, Expression queryRoot)
   at System.Data.Entity.Core.Objects.ELinq.ObjectQueryProvider.System.Linq.IQueryProvider.Execute[TResult](Expression expression)
   at System.Data.Entity.Internal.Linq.DbQueryProvider.Execute[TResult](Expression expression)
   at System.Linq.Queryable.Any[TSource](IQueryable`1 source)
   at CakeCompanyPortal.DataAccess.GenericRepository`1.DeleteAll() in B:\Udai\CakeCompanyPortal\CakeCompanyPortal\DataAccess\GenericRepository.cs:line 106
   at CakeCompanyPortal.Provider.TransportProvider.DeleteAll() in B:\Udai\CakeCompanyPortal\CakeCompanyPortal\Provider\TransportProvider.cs:line 63	BWD02847016	/LM/W3SVC/2/ROOT-1-133010443686318044	12312	C:\Program Files (x86)\IIS Express\iisexpress.exe	1844	
30/06/2022 06:33:19	5	Error	The underlying provider failed on Open.
   at System.Data.Entity.Core.EntityClient.EntityConnection.Open()
   at System.Data.Entity.Core.Objects.ObjectContext.EnsureConnection(Boolean shouldMonitorTransactions)
   at System.Data.Entity.Core.Objects.ObjectContext.ExecuteInTransaction[T](Func`1 func, IDbExecutionStrategy executionStrategy, Boolean startLocalTransaction, Boolean releaseConnectionOnSuccess)
   at System.Data.Entity.Core.Objects.ObjectQuery`1.<>c__DisplayClass7.<GetResults>b__5()
   at System.Data.Entity.SqlServer.DefaultSqlExecutionStrategy.Execute[TResult](Func`1 operation)
   at System.Data.Entity.Core.Objects.ObjectQuery`1.GetResults(Nullable`1 forMergeOption)
   at System.Data.Entity.Core.Objects.ObjectQuery`1.<System.Collections.Generic.IEnumerable<T>.GetEnumerator>b__0()
   at System.Data.Entity.Internal.LazyEnumerator`1.MoveNext()
   at System.Linq.Enumerable.Single[TSource](IEnumerable`1 source)
   at System.Data.Entity.Core.Objects.ELinq.ObjectQueryProvider.<GetElementFunction>b__3[TResult](IEnumerable`1 sequence)
   at System.Data.Entity.Core.Objects.ELinq.ObjectQueryProvider.ExecuteSingle[TResult](IEnumerable`1 query, Expression queryRoot)
   at System.Data.Entity.Core.Objects.ELinq.ObjectQueryProvider.System.Linq.IQueryProvider.Execute[TResult](Expression expression)
   at System.Data.Entity.Internal.Linq.DbQueryProvider.Execute[TResult](Expression expression)
   at System.Linq.Queryable.Any[TSource](IQueryable`1 source)
   at CakeCompanyPortal.DataAccess.GenericRepository`1.DeleteAll() in B:\Udai\CakeCompanyPortal\CakeCompanyPortal\DataAccess\GenericRepository.cs:line 106
   at CakeCompanyPortal.Provider.TransportProvider.DeleteAll() in B:\Udai\CakeCompanyPortal\CakeCompanyPortal\Provider\TransportProvider.cs:line 69
   at CakeCompanyPortal.Service.CakeShopOrderService.RefreshDatabase() in B:\Udai\CakeCompanyPortal\CakeCompanyPortal\Service\CakeShopOrderService.cs:line 253	BWD02847016	/LM/W3SVC/2/ROOT-1-133010443686318044	12312	C:\Program Files (x86)\IIS Express\iisexpress.exe	1844	
30/06/2022 06:33:19	5	Error	The underlying provider failed on Open.
   at System.Data.Entity.Core.EntityClient.EntityConnection.Open()
   at System.Data.Entity.Core.Objects.ObjectContext.EnsureConnection(Boolean shouldMonitorTransactions)
   at System.Data.Entity.Core.Objects.ObjectContext.ExecuteInTransaction[T](Func`1 func, IDbExecutionStrategy executionStrategy, Boolean startLocalTransaction, Boolean releaseConnectionOnSuccess)
   at System.Data.Entity.Core.Objects.ObjectQuery`1.<>c__DisplayClass7.<GetResults>b__5()
   at System.Data.Entity.SqlServer.DefaultSqlExecutionStrategy.Execute[TResult](Func`1 operation)
   at System.Data.Entity.Core.Objects.ObjectQuery`1.GetResults(Nullable`1 forMergeOption)
   at System.Data.Entity.Core.Objects.ObjectQuery`1.<System.Collections.Generic.IEnumerable<T>.GetEnumerator>b__0()
   at System.Data.Entity.Internal.LazyEnumerator`1.MoveNext()
   at System.Linq.Enumerable.Single[TSource](IEnumerable`1 source)
   at System.Data.Entity.Core.Objects.ELinq.ObjectQueryProvider.<GetElementFunction>b__3[TResult](IEnumerable`1 sequence)
   at System.Data.Entity.Core.Objects.ELinq.ObjectQueryProvider.ExecuteSingle[TResult](IEnumerable`1 query, Expression queryRoot)
   at System.Data.Entity.Core.Objects.ELinq.ObjectQueryProvider.System.Linq.IQueryProvider.Execute[TResult](Expression expression)
   at System.Data.Entity.Internal.Linq.DbQueryProvider.Execute[TResult](Expression expression)
   at System.Linq.Queryable.Any[TSource](IQueryable`1 source)
   at CakeCompanyPortal.DataAccess.GenericRepository`1.DeleteAll() in B:\Udai\CakeCompanyPortal\CakeCompanyPortal\DataAccess\GenericRepository.cs:line 106
   at CakeCompanyPortal.Provider.TransportProvider.DeleteAll() in B:\Udai\CakeCompanyPortal\CakeCompanyPortal\Provider\TransportProvider.cs:line 69
   at CakeCompanyPortal.Service.CakeShopOrderService.RefreshDatabase() in B:\Udai\CakeCompanyPortal\CakeCompanyPortal\Service\CakeShopOrderService.cs:line 262
   at CakeCompanyPortal.Helper.PreLoadCakeDetails.RefreshDatabase() in B:\Udai\CakeCompanyPortal\CakeCompanyPortal\Helper\PreLoadCakeDetails.cs:line 36	BWD02847016	/LM/W3SVC/2/ROOT-1-133010443686318044	12312	C:\Program Files (x86)\IIS Express\iisexpress.exe	1844	
30/06/2022 06:33:19	5	Error	The underlying provider failed on Open.
   at System.Data.Entity.Core.EntityClient.EntityConnection.Open()
   at System.Data.Entity.Core.Objects.ObjectContext.EnsureConnection(Boolean shouldMonitorTransactions)
   at System.Data.Entity.Core.Objects.ObjectContext.ExecuteInTransaction[T](Func`1 func, IDbExecutionStrategy executionStrategy, Boolean startLocalTransaction, Boolean releaseConnectionOnSuccess)
   at System.Data.Entity.Core.Objects.ObjectQuery`1.<>c__DisplayClass7.<GetResults>b__5()
   at System.Data.Entity.SqlServer.DefaultSqlExecutionStrategy.Execute[TResult](Func`1 operation)
   at System.Data.Entity.Core.Objects.ObjectQuery`1.GetResults(Nullable`1 forMergeOption)
   at System.Data.Entity.Core.Objects.ObjectQuery`1.<System.Collections.Generic.IEnumerable<T>.GetEnumerator>b__0()
   at System.Data.Entity.Internal.LazyEnumerator`1.MoveNext()
   at System.Linq.Enumerable.Single[TSource](IEnumerable`1 source)
   at System.Data.Entity.Core.Objects.ELinq.ObjectQueryProvider.<GetElementFunction>b__3[TResult](IEnumerable`1 sequence)
   at System.Data.Entity.Core.Objects.ELinq.ObjectQueryProvider.ExecuteSingle[TResult](IEnumerable`1 query, Expression queryRoot)
   at System.Data.Entity.Core.Objects.ELinq.ObjectQueryProvider.System.Linq.IQueryProvider.Execute[TResult](Expression expression)
   at System.Data.Entity.Internal.Linq.DbQueryProvider.Execute[TResult](Expression expression)
   at System.Linq.Queryable.Any[TSource](IQueryable`1 source)
   at CakeCompanyPortal.DataAccess.GenericRepository`1.DeleteAll() in B:\Udai\CakeCompanyPortal\CakeCompanyPortal\DataAccess\GenericRepository.cs:line 106
   at CakeCompanyPortal.Provider.TransportProvider.DeleteAll() in B:\Udai\CakeCompanyPortal\CakeCompanyPortal\Provider\TransportProvider.cs:line 69
   at CakeCompanyPortal.Service.CakeShopOrderService.RefreshDatabase() in B:\Udai\CakeCompanyPortal\CakeCompanyPortal\Service\CakeShopOrderService.cs:line 262
   at CakeCompanyPortal.Helper.PreLoadCakeDetails.RefreshDatabase() in B:\Udai\CakeCompanyPortal\CakeCompanyPortal\Helper\PreLoadCakeDetails.cs:line 41
   at CakeCompanyPortal.Helper.PreLoadCakeDetails.LoadCakeTables() in B:\Udai\CakeCompanyPortal\CakeCompanyPortal\Helper\PreLoadCakeDetails.cs:line 17	BWD02847016	/LM/W3SVC/2/ROOT-1-133010443686318044	12312	C:\Program Files (x86)\IIS Express\iisexpress.exe	1844	
30/06/2022 06:33:19	5	Error	The underlying provider failed on Open.
   at System.Data.Entity.Core.EntityClient.EntityConnection.Open()
   at System.Data.Entity.Core.Objects.ObjectContext.EnsureConnection(Boolean shouldMonitorTransactions)
   at System.Data.Entity.Core.Objects.ObjectContext.ExecuteInTransaction[T](Func`1 func, IDbExecutionStrategy executionStrategy, Boolean startLocalTransaction, Boolean releaseConnectionOnSuccess)
   at System.Data.Entity.Core.Objects.ObjectQuery`1.<>c__DisplayClass7.<GetResults>b__5()
   at System.Data.Entity.SqlServer.DefaultSqlExecutionStrategy.Execute[TResult](Func`1 operation)
   at System.Data.Entity.Core.Objects.ObjectQuery`1.GetResults(Nullable`1 forMergeOption)
   at System.Data.Entity.Core.Objects.ObjectQuery`1.<System.Collections.Generic.IEnumerable<T>.GetEnumerator>b__0()
   at System.Data.Entity.Internal.LazyEnumerator`1.MoveNext()
   at System.Linq.Enumerable.Single[TSource](IEnumerable`1 source)
   at System.Data.Entity.Core.Objects.ELinq.ObjectQueryProvider.<GetElementFunction>b__3[TResult](IEnumerable`1 sequence)
   at System.Data.Entity.Core.Objects.ELinq.ObjectQueryProvider.ExecuteSingle[TResult](IEnumerable`1 query, Expression queryRoot)
   at System.Data.Entity.Core.Objects.ELinq.ObjectQueryProvider.System.Linq.IQueryProvider.Execute[TResult](Expression expression)
   at System.Data.Entity.Internal.Linq.DbQueryProvider.Execute[TResult](Expression expression)
   at System.Linq.Queryable.Any[TSource](IQueryable`1 source)
   at CakeCompanyPortal.DataAccess.GenericRepository`1.DeleteAll() in B:\Udai\CakeCompanyPortal\CakeCompanyPortal\DataAccess\GenericRepository.cs:line 106
   at CakeCompanyPortal.Provider.TransportProvider.DeleteAll() in B:\Udai\CakeCompanyPortal\CakeCompanyPortal\Provider\TransportProvider.cs:line 69
   at CakeCompanyPortal.Service.CakeShopOrderService.RefreshDatabase() in B:\Udai\CakeCompanyPortal\CakeCompanyPortal\Service\CakeShopOrderService.cs:line 262
   at CakeCompanyPortal.Helper.PreLoadCakeDetails.RefreshDatabase() in B:\Udai\CakeCompanyPortal\CakeCompanyPortal\Helper\PreLoadCakeDetails.cs:line 41
   at CakeCompanyPortal.Helper.PreLoadCakeDetails.LoadCakeTables() in B:\Udai\CakeCompanyPortal\CakeCompanyPortal\Helper\PreLoadCakeDetails.cs:line 28
   at CakeCompanyPortal.Controllers.InvoiceController.Index() in B:\Udai\CakeCompanyPortal\CakeCompanyPortal\Controllers\InvoiceController.cs:line 18	BWD02847016	/LM/W3SVC/2/ROOT-1-133010443686318044	12312	C:\Program Files (x86)\IIS Express\iisexpress.exe	1844	
